app/build/intermediates/manifest_merge_blame_file/debug/processDebugMainManifest/manifest-merger-blame-debug-report.txt
1<?xml version="1.0" encoding="utf-8"?>
2<manifest xmlns:android="http://schemas.android.com/apk/res/android"
3    package="com.samsung.health.hrtracker"
4    android:versionCode="1"
5    android:versionName="1.0" >
6
7    <uses-sdk
8        android:minSdkVersion="30"
9        android:targetSdkVersion="33" />
10
11    <uses-permission android:name="android.permission.WAKE_LOCK" />
11-->src\main\AndroidManifest.xml:4:5-68
11-->src\main\AndroidManifest.xml:4:22-65
12    <uses-permission android:name="android.permission.BODY_SENSORS" />
12-->src\main\AndroidManifest.xml:5:5-71
12-->src\main\AndroidManifest.xml:5:22-68
13    <uses-permission android:name="com.samsung.health.permission.HEART_RATE" />
13-->src\main\AndroidManifest.xml:6:5-79
13-->src\main\AndroidManifest.xml:6:22-77
14    <uses-permission android:name="com.samsung.health.permission.DEVICE_INFO" />
14-->src\main\AndroidManifest.xml:7:5-80
14-->src\main\AndroidManifest.xml:7:22-78
15    <uses-permission android:name="com.samsung.android.providers.context.permission.WRITE_USE_APP_FEATURE_SURVEY" />
15-->src\main\AndroidManifest.xml:8:5-117
15-->src\main\AndroidManifest.xml:8:22-114
16    <uses-permission android:name="android.permission.INTERNET" />
16-->src\main\AndroidManifest.xml:9:5-67
16-->src\main\AndroidManifest.xml:9:22-64
17
18    <queries>
18-->src\main\AndroidManifest.xml:11:5-13:15
19        <package android:name="com.samsung.android.service.health" />
19-->src\main\AndroidManifest.xml:12:9-70
19-->src\main\AndroidManifest.xml:12:18-67
20        <package android:name="com.sec.android.app.samsungapps" />
20-->[samsung-health-sensor-api-1.3.0.aar] AndroidManifest.xml:8:9-67
20-->[samsung-health-sensor-api-1.3.0.aar] AndroidManifest.xml:8:18-64
21    </queries>
22
23    <uses-feature android:name="android.hardware.type.watch" />
23-->src\main\AndroidManifest.xml:15:5-64
23-->src\main\AndroidManifest.xml:15:19-61
24
25    <application
25-->src\main\AndroidManifest.xml:17:5-43:19
26        android:allowBackup="true"
26-->src\main\AndroidManifest.xml:18:9-35
27        android:appComponentFactory="androidx.core.app.CoreComponentFactory"
27-->[androidx.core:core:1.7.0] AndroidManifest.xml:24:18-86
28        android:debuggable="true"
29        android:extractNativeLibs="false"
30        android:icon="@mipmap/ic_launcher"
30-->src\main\AndroidManifest.xml:19:9-43
31        android:label="@string/app_name"
31-->src\main\AndroidManifest.xml:20:9-41
32        android:supportsRtl="true"
32-->src\main\AndroidManifest.xml:21:9-35
33        android:testOnly="true"
34        android:theme="@android:style/Theme.DeviceDefault" >
34-->src\main\AndroidManifest.xml:22:9-59
35        <uses-library
35-->src\main\AndroidManifest.xml:24:9-108
36            android:name="com.samsung.android.service.health.tracking"
36-->src\main\AndroidManifest.xml:24:23-81
37            android:required="false" />
37-->src\main\AndroidManifest.xml:24:82-106
38        <uses-library
38-->src\main\AndroidManifest.xml:26:9-28:39
39            android:name="com.google.android.wearable"
39-->src\main\AndroidManifest.xml:27:13-55
40            android:required="true" />
40-->src\main\AndroidManifest.xml:28:13-36
41
42        <meta-data
42-->src\main\AndroidManifest.xml:30:9-32:36
43            android:name="com.google.android.wearable.standalone"
43-->src\main\AndroidManifest.xml:31:13-66
44            android:value="true" />
44-->src\main\AndroidManifest.xml:32:13-33
45
46        <activity
46-->src\main\AndroidManifest.xml:34:9-42:20
47            android:name="com.samsung.health.hrtracker.HeartRateActivity"
47-->src\main\AndroidManifest.xml:35:13-74
48            android:exported="true"
48-->src\main\AndroidManifest.xml:36:13-36
49            android:taskAffinity="" >
49-->src\main\AndroidManifest.xml:37:13-36
50            <intent-filter>
50-->src\main\AndroidManifest.xml:38:13-41:29
51                <action android:name="android.intent.action.MAIN" />
51-->src\main\AndroidManifest.xml:39:17-69
51-->src\main\AndroidManifest.xml:39:25-66
52
53                <category android:name="android.intent.category.LAUNCHER" />
53-->src\main\AndroidManifest.xml:40:17-77
53-->src\main\AndroidManifest.xml:40:27-74
54            </intent-filter>
55        </activity>
56        <activity
56-->[com.google.android.gms:play-services-base:18.5.0] AndroidManifest.xml:5:9-173
57            android:name="com.google.android.gms.common.api.GoogleApiActivity"
57-->[com.google.android.gms:play-services-base:18.5.0] AndroidManifest.xml:5:19-85
58            android:exported="false"
58-->[com.google.android.gms:play-services-base:18.5.0] AndroidManifest.xml:5:146-170
59            android:theme="@android:style/Theme.Translucent.NoTitleBar" />
59-->[com.google.android.gms:play-services-base:18.5.0] AndroidManifest.xml:5:86-145
60
61        <meta-data
61-->[com.google.android.gms:play-services-basement:18.4.0] AndroidManifest.xml:6:9-122
62            android:name="com.google.android.gms.version"
62-->[com.google.android.gms:play-services-basement:18.4.0] AndroidManifest.xml:6:20-65
63            android:value="@integer/google_play_services_version" />
63-->[com.google.android.gms:play-services-basement:18.4.0] AndroidManifest.xml:6:66-119
64    </application>
65
66</manifest>